Determining if the pthread_create exist failed with the following output:
Change Dir: /home/droplotus/Desktop/AEDA/cmake-build-debug/CMakeFiles/CMakeTmp

Run Build Command(s):/usr/bin/make cmTC_806ce/fast 
/usr/bin/make -f CMakeFiles/cmTC_806ce.dir/build.make CMakeFiles/cmTC_806ce.dir/build
make[1]: Entering directory '/home/droplotus/Desktop/AEDA/cmake-build-debug/CMakeFiles/CMakeTmp'
Building C object CMakeFiles/cmTC_806ce.dir/CheckSymbolExists.c.o
/usr/bin/cc    -o CMakeFiles/cmTC_806ce.dir/CheckSymbolExists.c.o   -c /home/droplotus/Desktop/AEDA/cmake-build-debug/CMakeFiles/CMakeTmp/CheckSymbolExists.c
Linking C executable cmTC_806ce
/opt/clion-2019.2.2/bin/cmake/linux/bin/cmake -E cmake_link_script CMakeFiles/cmTC_806ce.dir/link.txt --verbose=1
/usr/bin/cc      -rdynamic CMakeFiles/cmTC_806ce.dir/CheckSymbolExists.c.o  -o cmTC_806ce 
/usr/bin/ld: CMakeFiles/cmTC_806ce.dir/CheckSymbolExists.c.o: in function `main':
CheckSymbolExists.c:(.text+0x1b): undefined reference to `pthread_create'
collect2: error: ld returned 1 exit status
make[1]: *** [CMakeFiles/cmTC_806ce.dir/build.make:87: cmTC_806ce] Error 1
make[1]: Leaving directory '/home/droplotus/Desktop/AEDA/cmake-build-debug/CMakeFiles/CMakeTmp'
make: *** [Makefile:121: cmTC_806ce/fast] Error 2

File /home/droplotus/Desktop/AEDA/cmake-build-debug/CMakeFiles/CMakeTmp/CheckSymbolExists.c:
/* */
#include <pthread.h>

int main(int argc, char** argv)
{
  (void)argv;
#ifndef pthread_create
  return ((int*)(&pthread_create))[argc];
#else
  (void)argc;
  return 0;
#endif
}

Determining if the function pthread_create exists in the pthreads failed with the following output:
Change Dir: /home/droplotus/Desktop/AEDA/cmake-build-debug/CMakeFiles/CMakeTmp

Run Build Command(s):/usr/bin/make cmTC_d01f6/fast 
/usr/bin/make -f CMakeFiles/cmTC_d01f6.dir/build.make CMakeFiles/cmTC_d01f6.dir/build
make[1]: Entering directory '/home/droplotus/Desktop/AEDA/cmake-build-debug/CMakeFiles/CMakeTmp'
Building C object CMakeFiles/cmTC_d01f6.dir/CheckFunctionExists.c.o
/usr/bin/cc   -DCHECK_FUNCTION_EXISTS=pthread_create   -o CMakeFiles/cmTC_d01f6.dir/CheckFunctionExists.c.o   -c /opt/clion-2019.2.2/bin/cmake/linux/share/cmake-3.14/Modules/CheckFunctionExists.c
Linking C executable cmTC_d01f6
/opt/clion-2019.2.2/bin/cmake/linux/bin/cmake -E cmake_link_script CMakeFiles/cmTC_d01f6.dir/link.txt --verbose=1
/usr/bin/cc  -DCHECK_FUNCTION_EXISTS=pthread_create    -rdynamic CMakeFiles/cmTC_d01f6.dir/CheckFunctionExists.c.o  -o cmTC_d01f6 -lpthreads 
/usr/bin/ld: cannot find -lpthreads
collect2: error: ld returned 1 exit status
make[1]: *** [CMakeFiles/cmTC_d01f6.dir/build.make:87: cmTC_d01f6] Error 1
make[1]: Leaving directory '/home/droplotus/Desktop/AEDA/cmake-build-debug/CMakeFiles/CMakeTmp'
make: *** [Makefile:121: cmTC_d01f6/fast] Error 2


